Traceback (most recent call last):
  File "/opt/hostedtoolcache/Python/3.11.2/x64/lib/python3.11/site-packages/jupyter_cache/executors/utils.py", line 58, in single_nb_execution
    executenb(
  File "/opt/hostedtoolcache/Python/3.11.2/x64/lib/python3.11/site-packages/nbclient/client.py", line 1204, in execute
    return NotebookClient(nb=nb, resources=resources, km=km, **kwargs).execute()
           ^^^^^^^^^^^^^^^^^^^^^^^^^^^^^^^^^^^^^^^^^^^^^^^^^^^^^^^^^^^^^^^^^^^^^
  File "/opt/hostedtoolcache/Python/3.11.2/x64/lib/python3.11/site-packages/nbclient/util.py", line 84, in wrapped
    return just_run(coro(*args, **kwargs))
           ^^^^^^^^^^^^^^^^^^^^^^^^^^^^^^^
  File "/opt/hostedtoolcache/Python/3.11.2/x64/lib/python3.11/site-packages/nbclient/util.py", line 62, in just_run
    return loop.run_until_complete(coro)
           ^^^^^^^^^^^^^^^^^^^^^^^^^^^^^
  File "/opt/hostedtoolcache/Python/3.11.2/x64/lib/python3.11/asyncio/base_events.py", line 653, in run_until_complete
    return future.result()
           ^^^^^^^^^^^^^^^
  File "/opt/hostedtoolcache/Python/3.11.2/x64/lib/python3.11/site-packages/nbclient/client.py", line 663, in async_execute
    await self.async_execute_cell(
  File "/opt/hostedtoolcache/Python/3.11.2/x64/lib/python3.11/site-packages/nbclient/client.py", line 965, in async_execute_cell
    await self._check_raise_for_error(cell, cell_index, exec_reply)
  File "/opt/hostedtoolcache/Python/3.11.2/x64/lib/python3.11/site-packages/nbclient/client.py", line 862, in _check_raise_for_error
    raise CellExecutionError.from_cell_and_msg(cell, exec_reply_content)
nbclient.exceptions.CellExecutionError: An error occurred while executing the following cell:
------------------
import logging
from rdflib import Namespace
from buildingmotif import BuildingMOTIF
from buildingmotif.dataclasses import Model, Library
from buildingmotif.namespaces import BRICK # import this to make writing URIs easier

# in-memory instance
bm = BuildingMOTIF("sqlite://", log_level=logging.ERROR)

# create the namespace for the building
BLDG = Namespace('urn:bldg/')

# create the building model
model = Model.create(BLDG, description="This is a test model for a simple building")

# load some libraries we will use later
brick = Library.load(ontology_graph="https://github.com/BrickSchema/Brick/releases/download/nightly/Brick.ttl")
constraints = Library.load(ontology_graph="building_motif_ontology.ttl")
------------------

[0;31m---------------------------------------------------------------------------[0m
[0;31mFileNotFoundError[0m                         Traceback (most recent call last)
Cell [0;32mIn[1], line 18[0m
[1;32m     16[0m [38;5;66;03m# load some libraries we will use later[39;00m
[1;32m     17[0m brick [38;5;241m=[39m Library[38;5;241m.[39mload(ontology_graph[38;5;241m=[39m[38;5;124m"[39m[38;5;124mhttps://github.com/BrickSchema/Brick/releases/download/nightly/Brick.ttl[39m[38;5;124m"[39m)
[0;32m---> 18[0m constraints [38;5;241m=[39m [43mLibrary[49m[38;5;241;43m.[39;49m[43mload[49m[43m([49m[43montology_graph[49m[38;5;241;43m=[39;49m[38;5;124;43m"[39;49m[38;5;124;43mbuilding_motif_ontology.ttl[39;49m[38;5;124;43m"[39;49m[43m)[49m

File [0;32m/opt/hostedtoolcache/Python/3.11.2/x64/lib/python3.11/site-packages/buildingmotif/dataclasses/library.py:174[0m, in [0;36mLibrary.load[0;34m(cls, db_id, ontology_graph, directory, name, overwrite)[0m
[1;32m    170[0m             ontology_graph_path [38;5;241m=[39m resource_filename(
[1;32m    171[0m                 [38;5;124m"[39m[38;5;124mbuildingmotif.libraries[39m[38;5;124m"[39m, ontology_graph_path
[1;32m    172[0m             )
[1;32m    173[0m         ontology_graph [38;5;241m=[39m rdflib[38;5;241m.[39mGraph()
[0;32m--> 174[0m         [43montology_graph[49m[38;5;241;43m.[39;49m[43mparse[49m[43m([49m
[1;32m    175[0m [43m            [49m[43montology_graph_path[49m[43m,[49m[43m [49m[38;5;28;43mformat[39;49m[38;5;241;43m=[39;49m[43mguess_format[49m[43m([49m[43montology_graph_path[49m[43m)[49m
[1;32m    176[0m [43m        [49m[43m)[49m
[1;32m    177[0m     [38;5;28;01mreturn[39;00m [38;5;28mcls[39m[38;5;241m.[39m_load_from_ontology(ontology_graph, overwrite[38;5;241m=[39moverwrite)
[1;32m    178[0m [38;5;28;01melif[39;00m directory [38;5;129;01mis[39;00m [38;5;129;01mnot[39;00m [38;5;28;01mNone[39;00m:

File [0;32m/opt/hostedtoolcache/Python/3.11.2/x64/lib/python3.11/site-packages/rdflib/graph.py:1234[0m, in [0;36mGraph.parse[0;34m(self, source, publicID, format, location, file, data, **args)[0m
[1;32m   1153[0m [38;5;28;01mdef[39;00m [38;5;21mparse[39m(
[1;32m   1154[0m     [38;5;28mself[39m,
[1;32m   1155[0m     source[38;5;241m=[39m[38;5;28;01mNone[39;00m,
[0;32m   (...)[0m
[1;32m   1161[0m     [38;5;241m*[39m[38;5;241m*[39margs,
[1;32m   1162[0m ):
[1;32m   1163[0m [38;5;250m    [39m[38;5;124;03m"""[39;00m
[1;32m   1164[0m [38;5;124;03m    Parse an RDF source adding the resulting triples to the Graph.[39;00m
[1;32m   1165[0m 
[0;32m   (...)[0m
[1;32m   1231[0m 
[1;32m   1232[0m [38;5;124;03m    """[39;00m
[0;32m-> 1234[0m     source [38;5;241m=[39m [43mcreate_input_source[49m[43m([49m
[1;32m   1235[0m [43m        [49m[43msource[49m[38;5;241;43m=[39;49m[43msource[49m[43m,[49m
[1;32m   1236[0m [43m        [49m[43mpublicID[49m[38;5;241;43m=[39;49m[43mpublicID[49m[43m,[49m
[1;32m   1237[0m [43m        [49m[43mlocation[49m[38;5;241;43m=[39;49m[43mlocation[49m[43m,[49m
[1;32m   1238[0m [43m        [49m[43mfile[49m[38;5;241;43m=[39;49m[43mfile[49m[43m,[49m
[1;32m   1239[0m [43m        [49m[43mdata[49m[38;5;241;43m=[39;49m[43mdata[49m[43m,[49m
[1;32m   1240[0m [43m        [49m[38;5;28;43mformat[39;49m[38;5;241;43m=[39;49m[38;5;28;43mformat[39;49m[43m,[49m
[1;32m   1241[0m [43m    [49m[43m)[49m
[1;32m   1242[0m     [38;5;28;01mif[39;00m [38;5;28mformat[39m [38;5;129;01mis[39;00m [38;5;28;01mNone[39;00m:
[1;32m   1243[0m         [38;5;28mformat[39m [38;5;241m=[39m source[38;5;241m.[39mcontent_type

File [0;32m/opt/hostedtoolcache/Python/3.11.2/x64/lib/python3.11/site-packages/rdflib/parser.py:326[0m, in [0;36mcreate_input_source[0;34m(source, publicID, location, file, data, format)[0m
[1;32m    318[0m auto_close [38;5;241m=[39m [38;5;28;01mFalse[39;00m  [38;5;66;03m# make sure we close all file handles we open[39;00m
[1;32m    320[0m [38;5;28;01mif[39;00m location [38;5;129;01mis[39;00m [38;5;129;01mnot[39;00m [38;5;28;01mNone[39;00m:
[1;32m    321[0m     (
[1;32m    322[0m         absolute_location,
[1;32m    323[0m         auto_close,
[1;32m    324[0m         file,
[1;32m    325[0m         input_source,
[0;32m--> 326[0m     ) [38;5;241m=[39m [43m_create_input_source_from_location[49m[43m([49m
[1;32m    327[0m [43m        [49m[43mfile[49m[38;5;241;43m=[39;49m[43mfile[49m[43m,[49m
[1;32m    328[0m [43m        [49m[38;5;28;43mformat[39;49m[38;5;241;43m=[39;49m[38;5;28;43mformat[39;49m[43m,[49m
[1;32m    329[0m [43m        [49m[43minput_source[49m[38;5;241;43m=[39;49m[43minput_source[49m[43m,[49m
[1;32m    330[0m [43m        [49m[43mlocation[49m[38;5;241;43m=[39;49m[43mlocation[49m[43m,[49m
[1;32m    331[0m [43m    [49m[43m)[49m
[1;32m    333[0m [38;5;28;01mif[39;00m file [38;5;129;01mis[39;00m [38;5;129;01mnot[39;00m [38;5;28;01mNone[39;00m:
[1;32m    334[0m     input_source [38;5;241m=[39m FileInputSource(file)

File [0;32m/opt/hostedtoolcache/Python/3.11.2/x64/lib/python3.11/site-packages/rdflib/parser.py:373[0m, in [0;36m_create_input_source_from_location[0;34m(file, format, input_source, location)[0m
[1;32m    371[0m [38;5;28;01mif[39;00m absolute_location[38;5;241m.[39mstartswith([38;5;124m"[39m[38;5;124mfile:///[39m[38;5;124m"[39m):
[1;32m    372[0m     filename [38;5;241m=[39m url2pathname(absolute_location[38;5;241m.[39mreplace([38;5;124m"[39m[38;5;124mfile:///[39m[38;5;124m"[39m, [38;5;124m"[39m[38;5;124m/[39m[38;5;124m"[39m))
[0;32m--> 373[0m     file [38;5;241m=[39m [38;5;28;43mopen[39;49m[43m([49m[43mfilename[49m[43m,[49m[43m [49m[38;5;124;43m"[39;49m[38;5;124;43mrb[39;49m[38;5;124;43m"[39;49m[43m)[49m
[1;32m    374[0m [38;5;28;01melse[39;00m:
[1;32m    375[0m     input_source [38;5;241m=[39m URLInputSource(absolute_location, [38;5;28mformat[39m)

[0;31mFileNotFoundError[0m: [Errno 2] No such file or directory: '/home/runner/work/BuildingMOTIF/BuildingMOTIF/docs/building_motif_ontology.ttl'
FileNotFoundError: [Errno 2] No such file or directory: '/home/runner/work/BuildingMOTIF/BuildingMOTIF/docs/building_motif_ontology.ttl'

