Traceback (most recent call last):
  File "/opt/hostedtoolcache/Python/3.11.9/x64/lib/python3.11/site-packages/jupyter_cache/executors/utils.py", line 58, in single_nb_execution
    executenb(
  File "/opt/hostedtoolcache/Python/3.11.9/x64/lib/python3.11/site-packages/nbclient/client.py", line 1269, in execute
    return NotebookClient(nb=nb, resources=resources, km=km, **kwargs).execute()
           ^^^^^^^^^^^^^^^^^^^^^^^^^^^^^^^^^^^^^^^^^^^^^^^^^^^^^^^^^^^^^^^^^^^^^
  File "/opt/hostedtoolcache/Python/3.11.9/x64/lib/python3.11/site-packages/nbclient/util.py", line 85, in wrapped
    return just_run(coro(*args, **kwargs))
           ^^^^^^^^^^^^^^^^^^^^^^^^^^^^^^^
  File "/opt/hostedtoolcache/Python/3.11.9/x64/lib/python3.11/site-packages/nbclient/util.py", line 60, in just_run
    return loop.run_until_complete(coro)
           ^^^^^^^^^^^^^^^^^^^^^^^^^^^^^
  File "/opt/hostedtoolcache/Python/3.11.9/x64/lib/python3.11/asyncio/base_events.py", line 654, in run_until_complete
    return future.result()
           ^^^^^^^^^^^^^^^
  File "/opt/hostedtoolcache/Python/3.11.9/x64/lib/python3.11/site-packages/nbclient/client.py", line 707, in async_execute
    await self.async_execute_cell(
  File "/opt/hostedtoolcache/Python/3.11.9/x64/lib/python3.11/site-packages/nbclient/client.py", line 1025, in async_execute_cell
    await self._check_raise_for_error(cell, cell_index, exec_reply)
  File "/opt/hostedtoolcache/Python/3.11.9/x64/lib/python3.11/site-packages/nbclient/client.py", line 919, in _check_raise_for_error
    raise CellExecutionError.from_cell_and_msg(cell, exec_reply_content)
nbclient.exceptions.CellExecutionError: An error occurred while executing the following cell:
------------------
from rdflib import Namespace, RDF
from buildingmotif.dataclasses import Model

# create the namespace
BLDG = Namespace('urn:bldg/')

# Create the model! This will raise an exception if the namespace is not syntactically valid.
model = Model.create(BLDG, description="This is a test model for a simple building") 
------------------

[0;31m---------------------------------------------------------------------------[0m
[0;31mSingletonNotInstantiatedException[0m         Traceback (most recent call last)
Cell [0;32mIn[2], line 8[0m
[1;32m      5[0m BLDG [38;5;241m=[39m Namespace([38;5;124m'[39m[38;5;124murn:bldg/[39m[38;5;124m'[39m)
[1;32m      7[0m [38;5;66;03m# Create the model! This will raise an exception if the namespace is not syntactically valid.[39;00m
[0;32m----> 8[0m model [38;5;241m=[39m [43mModel[49m[38;5;241;43m.[39;49m[43mcreate[49m[43m([49m[43mBLDG[49m[43m,[49m[43m [49m[43mdescription[49m[38;5;241;43m=[39;49m[38;5;124;43m"[39;49m[38;5;124;43mThis is a test model for a simple building[39;49m[38;5;124;43m"[39;49m[43m)[49m 

File [0;32m~/work/BuildingMOTIF/BuildingMOTIF/buildingmotif/dataclasses/model.py:55[0m, in [0;36mModel.create[0;34m(cls, name, description)[0m
[1;32m     44[0m [38;5;129m@classmethod[39m
[1;32m     45[0m [38;5;28;01mdef[39;00m [38;5;21mcreate[39m([38;5;28mcls[39m, name: [38;5;28mstr[39m, description: [38;5;28mstr[39m [38;5;241m=[39m [38;5;124m"[39m[38;5;124m"[39m) [38;5;241m-[39m[38;5;241m>[39m [38;5;124m"[39m[38;5;124mModel[39m[38;5;124m"[39m:
[1;32m     46[0m [38;5;250m    [39m[38;5;124;03m"""Create a new model.[39;00m
[1;32m     47[0m 
[1;32m     48[0m [38;5;124;03m    :param name: new model name[39;00m
[0;32m   (...)[0m
[1;32m     53[0m [38;5;124;03m    :rtype: Model[39;00m
[1;32m     54[0m [38;5;124;03m    """[39;00m
[0;32m---> 55[0m     bm [38;5;241m=[39m [43mget_building_motif[49m[43m([49m[43m)[49m
[1;32m     57[0m     _validate_uri(name)
[1;32m     58[0m     db_model [38;5;241m=[39m bm[38;5;241m.[39mtable_connection[38;5;241m.[39mcreate_db_model(name, description)

File [0;32m~/work/BuildingMOTIF/BuildingMOTIF/buildingmotif/building_motif/building_motif.py:152[0m, in [0;36mget_building_motif[0;34m()[0m
[1;32m    150[0m [38;5;28;01mif[39;00m [38;5;28mhasattr[39m(BuildingMOTIF, [38;5;124m"[39m[38;5;124minstance[39m[38;5;124m"[39m):
[1;32m    151[0m     [38;5;28;01mreturn[39;00m BuildingMOTIF[38;5;241m.[39minstance  [38;5;66;03m# type: ignore[39;00m
[0;32m--> 152[0m [38;5;28;01mraise[39;00m SingletonNotInstantiatedException

[0;31mSingletonNotInstantiatedException[0m: 
SingletonNotInstantiatedException: 

